
2025-03-10 19:56:43,085 - INFO - Usuï¿½rio Cadastrado com sucesso.
2025-03-10 19:57:10,209 - INFO - Depï¿½sito em Conta Corrente realizado.
2025-03-10 19:57:25,893 - INFO - Saque em Conta Corrente realizado.
2025-03-10 19:57:33,791 - INFO - Sistema encerrado.
2025-03-10 22:11:20,733 - INFO - Usuário Cadastrado com sucesso.
2025-03-10 22:11:40,822 - INFO - Depósito em Conta Poupança realizado.
2025-03-10 22:11:57,033 - INFO - Saque em Conta Poupança realizado.
2025-03-10 22:12:01,248 - INFO - Sistema encerrado.
2025-03-10 22:30:31,944 - INFO - Usuário Cadastrado com sucesso.
2025-03-10 22:31:01,929 - INFO - Depósito em Conta Corrente realizado.
2025-03-10 22:31:09,936 - INFO - Saque em Conta Corrente realizado.
2025-03-10 22:31:21,163 - INFO - Sistema encerrado.
2025-03-10 22:31:38,036 - INFO - Usuário Cadastrado com sucesso.
2025-03-10 22:32:11,827 - INFO - Depósito em Conta Poupança realizado.
2025-03-10 22:32:54,758 - INFO - Sistema encerrado.
2025-03-10 22:33:04,295 - INFO - Usuário Cadastrado com sucesso.
2025-03-10 22:33:32,511 - INFO - Depósito em Conta Poupança realizado.
2025-03-10 22:38:35,685 - INFO - Sistema encerrado.
2025-03-10 22:38:44,808 - INFO - Usuário Cadastrado com sucesso.
2025-03-10 22:39:00,958 - INFO - Depósito em Conta Poupança realizado.
2025-03-10 22:39:15,839 - INFO - Saque em Conta Poupança realizado.
2025-03-10 22:39:23,372 - INFO - Sistema encerrado.
2025-03-11 13:52:56,766 - INFO - Usuário Cadastrado com sucesso.
2025-03-11 13:53:18,781 - INFO - Depósito em Conta Corrente realizado.
2025-03-11 13:53:28,380 - INFO - Saque em Conta Corrente realizado.
2025-03-11 13:53:37,542 - INFO - Sistema encerrado.
2025-03-11 14:34:27,803 - INFO - Usuário Cadastrado com sucesso.
2025-03-11 14:34:56,765 - INFO - Depósito em Conta Poupança realizado.
2025-03-11 14:35:06,573 - INFO - Saque em Conta Poupança realizado.
2025-03-11 14:35:22,443 - INFO - Sistema encerrado.
